<?xml version="1.0" encoding="UTF-8"?>
<testsuite name="SILab2Test" tests="1" skipped="0" failures="0" errors="0" timestamp="2021-05-27T18:50:19" hostname="DESKTOP-C2QJPLA" time="0.022">
  <properties/>
  <testcase name="multipleConditionAndBranchTest()" classname="SILab2Test" time="0.022"/>
  <system-out><![CDATA[]]></system-out>
  <system-err><![CDATA[]]></system-err>
</testsuite>
