<?xml version="1.0" encoding="UTF-8"?>
<testsuite name="SILab2Test" tests="1" skipped="0" failures="0" errors="0" timestamp="2021-05-24T03:23:14" hostname="DESKTOP-C2QJPLA" time="0.018">
  <properties/>
  <testcase name="multipleConditionTest()" classname="SILab2Test" time="0.018"/>
  <system-out><![CDATA[]]></system-out>
  <system-err><![CDATA[]]></system-err>
</testsuite>
